<?xml version="1.0" encoding="UTF-8"?>
<testsuite xmlns:xsi="http://www.w3.org/2001/XMLSchema-instance" xsi:schemaLocation="https://maven.apache.org/surefire/maven-surefire-plugin/xsd/surefire-test-report.xsd" name="TestSuite" time="2.004" tests="6" errors="0" skipped="2" failures="1">
  <properties>
[...]
</properties>
  <testcase name="testRequest" classname="framework.runner.TestNG" time="0.938"/>
  <testcase name="testRequest" classname="framework.runner.TestNG" time="0.048"/>
  <testcase name="testRequest" classname="framework.runner.TestNG" time="0.043"/>
  <testcase name="testRequest" classname="framework.runner.TestNG" time="0">
    <skipped message=" expected [success] but found [error]"/>
    <system-out><![CDATA[start request：http://115.159.29.231:5555/web/sellerServer/shops/login0000
{"code":"error","message":"token expire","content":"access token 已过期"}
重跑！！！！
]]></system-out>
  </testcase>
  <testcase name="testRequest" classname="framework.runner.TestNG" time="0">
    <skipped message=" expected [success] but found [error]"/>
    <system-out><![CDATA[start request：http://115.159.29.231:5555/web/sellerServer/shops/login0000
{"code":"error","message":"token expire","content":"access token 已过期"}
重跑！！！！
]]></system-out>
  </testcase>
  <testcase name="testRequest" classname="framework.runner.TestNG" time="0.043">
    <failure message=" expected [success] but found [error]" type="java.lang.AssertionError">java.lang.AssertionError:  expected [success] but found [error]
	at framework.runner.TestNG.checkResponse(TestNG.java:82)
	at framework.runner.TestNG.testRequest(TestNG.java:124)
</failure>
    <system-out><![CDATA[start request：http://115.159.29.231:5555/web/sellerServer/shops/login0000
{"code":"error","message":"token expire","content":"access token 已过期"}
]]></system-out>
  </testcase>
</testsuite>